TN:
SF:src\app.ts
FNF:0
FNH:0
DA:1,1
DA:2,1
DA:3,1
DA:4,1
DA:5,1
DA:6,1
DA:7,1
DA:8,1
DA:9,1
DA:10,1
DA:11,1
DA:12,1
DA:13,1
DA:14,1
DA:15,1
DA:16,1
DA:17,1
DA:18,1
DA:19,1
DA:20,1
DA:21,1
DA:22,1
DA:23,1
DA:24,1
LF:24
LH:24
BRF:0
BRH:0
end_of_record
TN:
SF:src\constants\auth.ts
FNF:0
FNH:0
DA:1,1
LF:1
LH:1
BRF:0
BRH:0
end_of_record
TN:
SF:src\constants\errors.ts
FNF:0
FNH:0
DA:1,1
DA:2,1
DA:3,1
DA:4,1
DA:5,1
DA:6,1
DA:7,1
DA:8,1
DA:9,1
DA:10,1
DA:11,1
DA:12,1
DA:13,1
DA:14,1
DA:15,1
DA:16,1
DA:17,1
DA:18,1
DA:19,1
DA:20,1
DA:21,1
DA:22,1
DA:23,1
DA:24,1
DA:25,1
DA:26,1
DA:27,1
DA:28,1
DA:29,1
DA:30,1
DA:31,1
DA:32,1
DA:33,1
DA:34,1
LF:34
LH:34
BRF:0
BRH:0
end_of_record
TN:
SF:src\middlewares\error.ts
FN:6,errorHandler
FNF:1
FNH:1
FNDA:2,errorHandler
DA:1,1
DA:2,1
DA:3,1
DA:4,1
DA:5,1
DA:6,2
DA:7,2
DA:8,2
DA:9,2
DA:10,2
DA:11,2
DA:12,2
DA:13,2
DA:14,2
DA:15,2
DA:16,2
DA:17,2
LF:17
LH:17
BRDA:6,0,0,2
BRF:1
BRH:1
end_of_record
TN:
SF:src\middlewares\validator.ts
FN:5,validator
FNF:1
FNH:1
FNDA:1,validator
DA:1,1
DA:2,1
DA:3,1
DA:4,1
DA:5,1
DA:6,1
DA:7,0
DA:8,0
DA:9,0
DA:10,0
DA:11,0
DA:12,0
DA:13,0
DA:14,0
DA:15,0
DA:16,0
DA:17,0
DA:18,0
DA:19,0
DA:20,0
DA:21,0
DA:22,0
DA:23,0
DA:24,0
DA:25,0
DA:26,0
DA:27,0
DA:28,0
DA:29,0
DA:30,0
DA:31,0
DA:32,1
DA:33,1
DA:34,1
LF:34
LH:9
BRDA:5,0,0,1
BRF:1
BRH:1
end_of_record
TN:
SF:src\modules\user\useCases\goal\goal.controller.ts
FN:6,GoalController
FN:8,Object.<anonymous>.GoalController.store
FN:15,Object.<anonymous>.GoalController.delete
FNF:3
FNH:3
FNDA:1,GoalController
FNDA:1,Object.<anonymous>.GoalController.store
FNDA:1,Object.<anonymous>.GoalController.delete
DA:1,1
DA:2,1
DA:3,1
DA:4,1
DA:5,1
DA:6,1
DA:7,1
DA:8,1
DA:9,1
DA:10,1
DA:11,1
DA:12,1
DA:13,1
DA:14,1
DA:15,1
DA:16,1
DA:17,1
DA:18,1
DA:19,1
DA:20,1
DA:21,1
DA:22,1
LF:22
LH:22
BRDA:5,0,0,1
BRDA:6,1,0,1
BRDA:8,2,0,1
BRDA:10,3,0,1
BRDA:15,4,0,1
BRF:5
BRH:5
end_of_record
TN:
SF:src\modules\user\useCases\goal\goal.service.ts
FN:9,GoalService
FN:10,Object.<anonymous>.GoalService.create
FN:19,Object.<anonymous>.GoalService.delete
FNF:3
FNH:3
FNDA:1,GoalService
FNDA:1,Object.<anonymous>.GoalService.create
FNDA:1,Object.<anonymous>.GoalService.delete
DA:1,1
DA:2,1
DA:3,1
DA:4,1
DA:5,1
DA:6,1
DA:7,1
DA:8,1
DA:9,1
DA:10,1
DA:11,1
DA:12,0
DA:13,0
DA:14,0
DA:15,0
DA:16,0
DA:17,1
DA:18,1
DA:19,1
DA:20,1
DA:21,1
DA:22,1
DA:23,1
DA:24,1
DA:25,1
DA:26,1
LF:26
LH:21
BRDA:9,0,0,1
BRDA:9,1,0,1
BRDA:10,2,0,1
BRDA:11,3,0,0
BRDA:19,4,0,1
BRF:5
BRH:4
end_of_record
TN:
SF:src\modules\user\useCases\goal\index.ts
FNF:0
FNH:0
DA:1,1
DA:2,1
DA:3,1
DA:4,1
DA:5,1
LF:5
LH:5
BRF:0
BRH:0
end_of_record
TN:
SF:src\modules\user\useCases\refrashToken\index.ts
FNF:0
FNH:0
DA:1,1
DA:2,1
DA:3,1
DA:4,1
DA:5,1
LF:5
LH:5
BRF:0
BRH:0
end_of_record
TN:
SF:src\modules\user\useCases\refrashToken\refrashToken.controller.ts
FN:10,RefrashTokenController
FN:12,Object.<anonymous>.RefrashTokenController.execute
FNF:2
FNH:1
FNDA:1,RefrashTokenController
FNDA:0,Object.<anonymous>.RefrashTokenController.execute
DA:1,1
DA:2,1
DA:3,1
DA:4,1
DA:5,1
DA:6,1
DA:7,1
DA:8,1
DA:9,1
DA:10,1
DA:11,1
DA:12,1
DA:13,0
DA:14,0
DA:15,0
DA:16,0
DA:17,0
DA:18,0
DA:19,0
DA:20,0
DA:21,0
DA:22,0
DA:23,0
DA:24,0
DA:25,0
DA:26,0
DA:27,0
DA:28,0
DA:29,0
DA:30,0
DA:31,1
LF:31
LH:13
BRDA:9,0,0,1
BRDA:10,1,0,1
BRF:2
BRH:2
end_of_record
TN:
SF:src\modules\user\useCases\refrashToken\refrashToken.service.ts
FN:12,RefrashTokenService
FN:13,Object.<anonymous>.RefrashTokenService.execute
FNF:2
FNH:1
FNDA:1,RefrashTokenService
FNDA:0,Object.<anonymous>.RefrashTokenService.execute
DA:1,1
DA:2,1
DA:3,1
DA:4,1
DA:5,1
DA:6,1
DA:7,1
DA:8,1
DA:9,1
DA:10,1
DA:11,1
DA:12,1
DA:13,1
DA:14,0
DA:15,0
DA:16,0
DA:17,0
DA:18,0
DA:19,0
DA:20,0
DA:21,0
DA:22,0
DA:23,0
DA:24,0
DA:25,0
DA:26,0
DA:27,0
DA:28,0
DA:29,0
DA:30,0
DA:31,0
DA:32,0
DA:33,0
DA:34,0
DA:35,0
DA:36,0
DA:37,0
DA:38,0
DA:39,0
DA:40,0
DA:41,0
DA:42,0
DA:43,0
DA:44,0
DA:45,0
DA:46,0
DA:47,0
DA:48,0
DA:49,0
DA:50,0
DA:51,0
DA:52,0
DA:53,0
DA:54,0
DA:55,0
DA:56,0
DA:57,0
DA:58,0
DA:59,0
DA:60,0
DA:61,0
DA:62,0
DA:63,0
DA:64,0
DA:65,0
DA:66,1
LF:66
LH:14
BRDA:12,0,0,1
BRDA:12,1,0,1
BRF:2
BRH:2
end_of_record
TN:
SF:src\modules\user\useCases\registration\index.ts
FNF:0
FNH:0
DA:1,1
DA:2,1
DA:3,1
DA:4,1
DA:5,1
DA:6,1
DA:7,1
LF:7
LH:7
BRF:0
BRH:0
end_of_record
TN:
SF:src\modules\user\useCases\registration\registration.controller.ts
FN:8,RegistrationController
FN:10,Object.<anonymous>.RegistrationController.store
FN:18,Object.<anonymous>.RegistrationController.index
FN:25,Object.<anonymous>.RegistrationController.delete
FNF:4
FNH:1
FNDA:1,RegistrationController
FNDA:0,Object.<anonymous>.RegistrationController.store
FNDA:0,Object.<anonymous>.RegistrationController.index
FNDA:0,Object.<anonymous>.RegistrationController.delete
DA:1,1
DA:2,1
DA:3,1
DA:4,1
DA:5,1
DA:6,1
DA:7,1
DA:8,1
DA:9,1
DA:10,1
DA:11,0
DA:12,0
DA:13,0
DA:14,0
DA:15,0
DA:16,0
DA:17,1
DA:18,1
DA:19,0
DA:20,0
DA:21,0
DA:22,0
DA:23,0
DA:24,1
DA:25,1
DA:26,0
DA:27,0
DA:28,0
DA:29,0
DA:30,0
DA:31,0
DA:32,0
DA:33,0
DA:34,1
LF:34
LH:15
BRDA:7,0,0,1
BRDA:8,1,0,1
BRF:2
BRH:2
end_of_record
TN:
SF:src\modules\user\useCases\registration\registration.service.ts
FN:11,RegistrationService
FN:12,Object.<anonymous>.RegistrationService.create
FN:38,Object.<anonymous>.RegistrationService.findMany
FN:49,Object.<anonymous>.RegistrationService.delete
FNF:4
FNH:1
FNDA:1,RegistrationService
FNDA:0,Object.<anonymous>.RegistrationService.create
FNDA:0,Object.<anonymous>.RegistrationService.findMany
FNDA:0,Object.<anonymous>.RegistrationService.delete
DA:1,1
DA:2,1
DA:3,1
DA:4,1
DA:5,1
DA:6,1
DA:7,1
DA:8,1
DA:9,1
DA:10,1
DA:11,1
DA:12,1
DA:13,0
DA:14,0
DA:15,0
DA:16,0
DA:17,0
DA:18,0
DA:19,0
DA:20,0
DA:21,0
DA:22,0
DA:23,0
DA:24,0
DA:25,0
DA:26,0
DA:27,0
DA:28,0
DA:29,0
DA:30,0
DA:31,0
DA:32,0
DA:33,0
DA:34,0
DA:35,0
DA:36,0
DA:37,1
DA:38,1
DA:39,0
DA:40,0
DA:41,0
DA:42,0
DA:43,0
DA:44,0
DA:45,0
DA:46,0
DA:47,0
DA:48,1
DA:49,1
DA:50,0
DA:51,0
DA:52,0
DA:53,0
DA:54,0
DA:55,0
DA:56,0
DA:57,0
DA:58,0
DA:59,0
DA:60,0
DA:61,0
DA:62,0
DA:63,0
DA:64,0
DA:65,0
DA:66,0
DA:67,1
LF:67
LH:17
BRDA:11,0,0,1
BRDA:11,1,0,1
BRF:2
BRH:2
end_of_record
TN:
SF:src\modules\user\useCases\registration\registration.validator.ts
FNF:0
FNH:0
DA:1,1
DA:2,1
DA:3,1
DA:4,1
DA:5,1
DA:6,1
LF:6
LH:6
BRF:0
BRH:0
end_of_record
TN:
SF:src\modules\user\useCases\signIn\index.ts
FNF:0
FNH:0
DA:1,1
DA:2,1
DA:3,1
DA:4,1
DA:5,1
LF:5
LH:5
BRF:0
BRH:0
end_of_record
TN:
SF:src\modules\user\useCases\signIn\signIn.controller.ts
FN:10,SignInController
FN:12,Object.<anonymous>.SignInController.store
FNF:2
FNH:1
FNDA:1,SignInController
FNDA:0,Object.<anonymous>.SignInController.store
DA:1,1
DA:2,1
DA:3,1
DA:4,1
DA:5,1
DA:6,1
DA:7,1
DA:8,1
DA:9,1
DA:10,1
DA:11,1
DA:12,1
DA:13,0
DA:14,0
DA:15,0
DA:16,0
DA:17,0
DA:18,0
DA:19,0
DA:20,0
DA:21,0
DA:22,0
DA:23,0
DA:24,0
DA:25,0
DA:26,0
DA:27,0
DA:28,0
DA:29,0
DA:30,0
DA:31,1
LF:31
LH:13
BRDA:9,0,0,1
BRDA:10,1,0,1
BRF:2
BRH:2
end_of_record
TN:
SF:src\modules\user\useCases\signIn\signIn.service.ts
FN:21,SignInService
FN:22,Object.<anonymous>.SignInService.create
FNF:2
FNH:1
FNDA:1,SignInService
FNDA:0,Object.<anonymous>.SignInService.create
DA:1,1
DA:2,1
DA:3,1
DA:4,1
DA:5,1
DA:6,1
DA:7,1
DA:8,1
DA:9,1
DA:10,1
DA:11,1
DA:12,1
DA:13,1
DA:14,1
DA:15,1
DA:16,1
DA:17,1
DA:18,1
DA:19,1
DA:20,1
DA:21,1
DA:22,1
DA:23,0
DA:24,0
DA:25,0
DA:26,0
DA:27,0
DA:28,0
DA:29,0
DA:30,0
DA:31,0
DA:32,0
DA:33,0
DA:34,0
DA:35,0
DA:36,0
DA:37,0
DA:38,0
DA:39,0
DA:40,0
DA:41,0
DA:42,0
DA:43,0
DA:44,0
DA:45,0
DA:46,0
DA:47,0
DA:48,0
DA:49,0
DA:50,0
DA:51,0
DA:52,0
DA:53,0
DA:54,0
DA:55,0
DA:56,0
DA:57,0
DA:58,0
DA:59,0
DA:60,0
DA:61,0
DA:62,0
DA:63,0
DA:64,0
DA:65,0
DA:66,0
DA:67,1
LF:67
LH:23
BRDA:21,0,0,1
BRDA:21,1,0,1
BRF:2
BRH:2
end_of_record
TN:
SF:src\modules\user\useCases\signOut\index.ts
FNF:0
FNH:0
DA:1,1
DA:2,1
DA:3,1
DA:4,1
DA:5,1
LF:5
LH:5
BRF:0
BRH:0
end_of_record
TN:
SF:src\modules\user\useCases\signOut\signOut.controller.ts
FN:7,SignOutController
FN:9,Object.<anonymous>.SignOutController.execute
FNF:2
FNH:1
FNDA:1,SignOutController
FNDA:0,Object.<anonymous>.SignOutController.execute
DA:1,1
DA:2,1
DA:3,1
DA:4,1
DA:5,1
DA:6,1
DA:7,1
DA:8,1
DA:9,1
DA:10,0
DA:11,0
DA:12,0
DA:13,0
DA:14,0
DA:15,0
DA:16,0
DA:17,0
DA:18,0
DA:19,0
DA:20,0
DA:21,0
DA:22,0
DA:23,0
DA:24,1
LF:24
LH:10
BRDA:6,0,0,1
BRDA:7,1,0,1
BRF:2
BRH:2
end_of_record
TN:
SF:src\modules\user\useCases\signOut\signOut.service.ts
FN:3,SignOutService
FN:4,Object.<anonymous>.SignOutService.handle
FNF:2
FNH:1
FNDA:1,SignOutService
FNDA:0,Object.<anonymous>.SignOutService.handle
DA:1,1
DA:2,1
DA:3,1
DA:4,1
DA:5,0
DA:6,0
DA:7,0
DA:8,0
DA:9,0
DA:10,0
DA:11,1
LF:11
LH:5
BRDA:3,0,0,1
BRDA:3,1,0,1
BRF:2
BRH:2
end_of_record
TN:
SF:src\provider\GenerateRefrashToken.ts
FN:7,GenerateRefrashToken
FN:8,Object.<anonymous>.GenerateRefrashToken.execute
FNF:2
FNH:0
FNDA:0,GenerateRefrashToken
FNDA:0,Object.<anonymous>.GenerateRefrashToken.execute
DA:1,1
DA:2,1
DA:3,1
DA:4,1
DA:5,1
DA:6,1
DA:7,0
DA:8,0
DA:9,0
DA:10,0
DA:11,0
DA:12,0
DA:13,0
DA:14,0
DA:15,0
DA:16,0
DA:17,0
LF:17
LH:6
BRDA:7,0,0,1
BRF:1
BRH:1
end_of_record
TN:
SF:src\routes\auth.ts
FNF:0
FNH:0
DA:1,1
DA:2,1
DA:3,1
DA:4,1
DA:5,1
DA:6,1
DA:7,1
DA:8,1
DA:9,1
DA:10,1
DA:11,1
DA:12,1
DA:13,1
LF:13
LH:13
BRF:0
BRH:0
end_of_record
TN:
SF:src\routes\goal.ts
FNF:0
FNH:0
DA:1,1
DA:2,1
DA:3,1
DA:4,1
DA:5,1
DA:6,1
DA:7,1
DA:8,1
DA:9,1
DA:10,1
LF:10
LH:10
BRDA:7,0,0,1
BRDA:8,1,0,1
BRF:2
BRH:2
end_of_record
TN:
SF:src\routes\index.ts
FNF:0
FNH:0
DA:1,1
DA:2,1
DA:3,1
DA:4,1
DA:5,1
DA:6,1
DA:7,1
DA:8,1
DA:9,1
DA:10,1
DA:11,1
DA:12,1
DA:13,1
LF:13
LH:13
BRF:0
BRH:0
end_of_record
TN:
SF:src\routes\registration.ts
FNF:0
FNH:0
DA:1,1
DA:2,1
DA:3,1
DA:4,1
DA:5,1
DA:6,1
DA:7,1
DA:8,1
DA:9,1
DA:10,1
DA:11,1
DA:12,1
LF:12
LH:12
BRF:0
BRH:0
end_of_record
TN:
SF:src\utils\ErrorHandler.ts
FN:12,ErrorHandler
FNF:1
FNH:0
FNDA:0,ErrorHandler
DA:1,1
DA:2,1
DA:3,1
DA:4,1
DA:5,1
DA:6,1
DA:7,1
DA:8,1
DA:9,1
DA:10,1
DA:11,1
DA:12,1
DA:13,0
DA:14,0
DA:15,0
DA:16,0
DA:17,1
DA:18,1
LF:18
LH:14
BRDA:8,0,0,1
BRF:1
BRH:1
end_of_record
TN:
SF:src\utils\_bcrypt.ts
FN:4,hash
FN:8,compare
FNF:2
FNH:0
FNDA:0,hash
FNDA:0,compare
DA:1,1
DA:2,1
DA:3,1
DA:4,0
DA:5,0
DA:6,0
DA:7,1
DA:8,0
DA:9,0
DA:10,0
LF:10
LH:4
BRF:0
BRH:0
end_of_record
TN:
SF:src\utils\_jwt.ts
FN:3,generateToken
FN:10,verifyToken
FN:14,decodeToken
FNF:3
FNH:1
FNDA:2,generateToken
FNDA:0,verifyToken
FNDA:0,decodeToken
DA:1,1
DA:2,1
DA:3,2
DA:4,2
DA:5,2
DA:6,2
DA:7,2
DA:8,2
DA:9,1
DA:10,0
DA:11,0
DA:12,0
DA:13,1
DA:14,0
DA:15,0
DA:16,0
LF:16
LH:10
BRDA:3,0,0,2
BRF:1
BRH:1
end_of_record
TN:
SF:src\utils\logger.ts
FNF:0
FNH:0
DA:1,1
DA:2,1
DA:3,1
DA:4,1
DA:5,1
DA:6,1
DA:7,1
DA:8,1
DA:9,1
LF:9
LH:9
BRF:0
BRH:0
end_of_record
TN:
SF:src\utils\setTokenHeader.ts
FN:1,setTokenHeader
FNF:1
FNH:1
FNDA:2,setTokenHeader
DA:1,2
DA:2,2
DA:3,2
LF:3
LH:3
BRDA:1,0,0,2
BRF:1
BRH:1
end_of_record
